<?xml version="1.0" encoding="UTF-8"?>
<testsuite name="org.sam.mines.examples.patterns.ObserverTest" tests="1" skipped="0" failures="0" errors="0" timestamp="2023-03-13T09:09:17" hostname="danette" time="0.001">
  <properties/>
  <testcase name="shouldObserve()" classname="org.sam.mines.examples.patterns.ObserverTest" time="0.001"/>
  <system-out><![CDATA[Do something useful
]]></system-out>
  <system-err><![CDATA[]]></system-err>
</testsuite>
