<?xml version="1.0" encoding="UTF-8"?>
<testsuite name="org.sam.mines.examples.EqualsHashCodeExample" tests="4" skipped="4" failures="0" errors="0" timestamp="2023-03-15T10:18:04" hostname="XPS" time="0.003">
  <properties/>
  <testcase name="shouldGetSimpleObjectButFailsOnlyHashCode()" classname="org.sam.mines.examples.EqualsHashCodeExample" time="0.0">
    <skipped/>
  </testcase>
  <testcase name="shouldGetSimpleObjectButFails()" classname="org.sam.mines.examples.EqualsHashCodeExample" time="0.0">
    <skipped/>
  </testcase>
  <testcase name="shouldShowEqualsHashCode()" classname="org.sam.mines.examples.EqualsHashCodeExample" time="0.0">
    <skipped/>
  </testcase>
  <testcase name="shouldGetSimpleObjectButFailsOnlyEquals()" classname="org.sam.mines.examples.EqualsHashCodeExample" time="0.0">
    <skipped/>
  </testcase>
  <system-out><![CDATA[]]></system-out>
  <system-err><![CDATA[]]></system-err>
</testsuite>
