<?xml version="1.0" encoding="UTF-8"?>
<testsuite name="org.sam.mines.examples.sealed.ShapeUtil" tests="1" skipped="0" failures="0" errors="0" timestamp="2023-03-15T10:18:04" hostname="XPS" time="0.004">
  <properties/>
  <testcase name="testShape()" classname="org.sam.mines.examples.sealed.ShapeUtil" time="0.004"/>
  <system-out><![CDATA[]]></system-out>
  <system-err><![CDATA[]]></system-err>
</testsuite>
