<?xml version="1.0" encoding="UTF-8"?>
<testsuite name="org.sam.mines.examples.ApiClientTest" tests="1" skipped="1" failures="0" errors="0" timestamp="2023-03-13T09:09:17" hostname="danette" time="0.0">
  <properties/>
  <testcase name="shouldCallApiClient()" classname="org.sam.mines.examples.ApiClientTest" time="0.0">
    <skipped/>
  </testcase>
  <system-out><![CDATA[]]></system-out>
  <system-err><![CDATA[]]></system-err>
</testsuite>
