<?xml version="1.0" encoding="UTF-8"?>
<testsuite name="org.sam.mines.examples.patterns.ChainOfResponsibilityTest" tests="1" skipped="0" failures="0" errors="0" timestamp="2023-03-15T10:18:04" hostname="XPS" time="0.003">
  <properties/>
  <testcase name="shouldChainRequest()" classname="org.sam.mines.examples.patterns.ChainOfResponsibilityTest" time="0.003"/>
  <system-out><![CDATA[]]></system-out>
  <system-err><![CDATA[]]></system-err>
</testsuite>
