<?xml version="1.0" encoding="UTF-8"?>
<testsuite name="org.sam.mines.examples.patterns.FactoryTest" tests="1" skipped="0" failures="0" errors="0" timestamp="2023-03-15T10:18:04" hostname="XPS" time="0.002">
  <properties/>
  <testcase name="shouldReturnColors()" classname="org.sam.mines.examples.patterns.FactoryTest" time="0.002"/>
  <system-out><![CDATA[]]></system-out>
  <system-err><![CDATA[]]></system-err>
</testsuite>
