<?xml version="1.0" encoding="UTF-8"?>
<testsuite name="org.sam.mines.examples.LambdaExample" tests="1" skipped="0" failures="0" errors="0" timestamp="2023-03-13T09:09:17" hostname="danette" time="0.008">
  <properties/>
  <testcase name="showSomeLambdas()" classname="org.sam.mines.examples.LambdaExample" time="0.008"/>
  <system-out><![CDATA[]]></system-out>
  <system-err><![CDATA[]]></system-err>
</testsuite>
