<?xml version="1.0" encoding="UTF-8"?>
<testsuite name="org.sam.mines.examples.OptionalExample" tests="2" skipped="0" failures="0" errors="0" timestamp="2023-03-13T09:09:17" hostname="danette" time="0.002">
  <properties/>
  <testcase name="shouldNotThrowNullPointerException()" classname="org.sam.mines.examples.OptionalExample" time="0.001"/>
  <testcase name="shouldThrowNullPointerException()" classname="org.sam.mines.examples.OptionalExample" time="0.001"/>
  <system-out><![CDATA[]]></system-out>
  <system-err><![CDATA[]]></system-err>
</testsuite>
