<?xml version="1.0" encoding="UTF-8"?>
<testsuite name="org.sam.mines.address.service.impl.TownServiceImplTest" tests="9" skipped="0" failures="0" errors="0" timestamp="2023-03-15T10:18:22" hostname="XPS" time="2.159">
  <properties/>
  <testcase name="shouldDelete()" classname="org.sam.mines.address.service.impl.TownServiceImplTest" time="2.076"/>
  <testcase name="shouldGetAll()" classname="org.sam.mines.address.service.impl.TownServiceImplTest" time="0.028"/>
  <testcase name="shouldNotDelete()" classname="org.sam.mines.address.service.impl.TownServiceImplTest" time="0.004"/>
  <testcase name="shouldGetById()" classname="org.sam.mines.address.service.impl.TownServiceImplTest" time="0.016"/>
  <testcase name="shouldSaveAValidTown()" classname="org.sam.mines.address.service.impl.TownServiceImplTest" time="0.008"/>
  <testcase name="shouldFindAllByPostCode()" classname="org.sam.mines.address.service.impl.TownServiceImplTest" time="0.005"/>
  <testcase name="shouldNotSaveExistingTown()" classname="org.sam.mines.address.service.impl.TownServiceImplTest" time="0.005"/>
  <testcase name="shouldNotSaveWhenNameIsBlank()" classname="org.sam.mines.address.service.impl.TownServiceImplTest" time="0.002"/>
  <testcase name="shouldNotGetById()" classname="org.sam.mines.address.service.impl.TownServiceImplTest" time="0.003"/>
  <system-out><![CDATA[]]></system-out>
  <system-err><![CDATA[]]></system-err>
</testsuite>
