<?xml version="1.0" encoding="UTF-8"?>
<testsuite name="org.sam.mines.address.web.TownControllerTest" tests="2" skipped="0" failures="0" errors="0" timestamp="2023-03-13T09:10:09" hostname="danette" time="0.361">
  <properties/>
  <testcase name="shouldNotGetInstanceData()" classname="org.sam.mines.address.web.TownControllerTest" time="0.284"/>
  <testcase name="shouldGetATown()" classname="org.sam.mines.address.web.TownControllerTest" time="0.075"/>
  <system-out><![CDATA[10:09:59.149 [Test worker] DEBUG org.springframework.boot.test.autoconfigure.web.servlet.WebMvcTestContextBootstrapper - Neither @ContextConfiguration nor @ContextHierarchy found for test class [TownControllerTest]: using SpringBootContextLoader
10:09:59.164 [Test worker] DEBUG org.springframework.test.context.support.AbstractContextLoader - Could not detect default resource locations for test class [org.sam.mines.address.web.TownControllerTest]: no resource found for suffixes {-context.xml, Context.groovy}.
10:09:59.165 [Test worker] INFO org.springframework.test.context.support.AnnotationConfigContextLoaderUtils - Could not detect default configuration classes for test class [org.sam.mines.address.web.TownControllerTest]: TownControllerTest does not declare any static, non-private, non-final, nested classes annotated with @Configuration.
10:09:59.226 [Test worker] DEBUG org.springframework.boot.test.autoconfigure.web.servlet.WebMvcTestContextBootstrapper - Using ContextCustomizers for test class [TownControllerTest]: [DisableAutoConfigurationContextCustomizer, DisableObservabilityContextCustomizer, TypeExcludeFiltersContextCustomizer, PropertyMappingContextCustomizer, Customizer, ImportsContextCustomizer, ExcludeFilterContextCustomizer, DuplicateJsonObjectContextCustomizer, MockitoContextCustomizer]
10:09:59.328 [Test worker] DEBUG org.springframework.context.annotation.ClassPathScanningCandidateComponentProvider - Identified candidate component class: file [/home/damien/Documents/IMT Mines Ales/Seconde Years/Bonne_Pratique_Code/addressApp/address-app/address-web/build/classes/java/main/org/sam/mines/address/web/AddressApp.class]
10:09:59.332 [Test worker] INFO org.springframework.boot.test.context.SpringBootTestContextBootstrapper - Found @SpringBootConfiguration org.sam.mines.address.web.AddressApp for test class org.sam.mines.address.web.TownControllerTest
10:09:59.360 [Test worker] DEBUG org.springframework.boot.test.autoconfigure.web.servlet.WebMvcTestContextBootstrapper - Using TestExecutionListeners for test class [TownControllerTest]: [ServletTestExecutionListener, DirtiesContextBeforeModesTestExecutionListener, ApplicationEventsTestExecutionListener, MockitoTestExecutionListener, DependencyInjectionTestExecutionListener, DirtiesContextTestExecutionListener, TransactionalTestExecutionListener, SqlScriptsTestExecutionListener, EventPublishingTestExecutionListener, RestDocsTestExecutionListener, MockRestServiceServerResetTestExecutionListener, MockMvcPrintOnlyOnFailureTestExecutionListener, WebDriverTestExecutionListener, MockWebServiceServerTestExecutionListener, ResetMocksTestExecutionListener]
10:09:59.364 [Test worker] DEBUG org.springframework.test.context.support.AbstractDirtiesContextTestExecutionListener - Before test class: class [TownControllerTest], class annotated with @DirtiesContext [false] with mode [null]

  .   ____          _            __ _ _
 /\\ / ___'_ __ _ _(_)_ __  __ _ \ \ \ \
( ( )\___ | '_ | '_| | '_ \/ _` | \ \ \ \
 \\/  ___)| |_)| | | | | || (_| |  ) ) ) )
  '  |____| .__|_| |_|_| |_\__, | / / / /
 =========|_|==============|___/=/_/_/_/
 :: Spring Boot ::                (v3.0.1)

2023-03-13T10:09:59.939+01:00  INFO 67535 --- [    Test worker] o.s.m.address.web.TownControllerTest     : Starting TownControllerTest using Java 17.0.6 with PID 67535 (started by damien in /home/damien/Documents/IMT Mines Ales/Seconde Years/Bonne_Pratique_Code/addressApp/address-app/address-web)
2023-03-13T10:09:59.941+01:00  INFO 67535 --- [    Test worker] o.s.m.address.web.TownControllerTest     : No active profile set, falling back to 1 default profile: "default"
2023-03-13T10:09:59.966+01:00 DEBUG 67535 --- [    Test worker] o.s.w.c.s.GenericWebApplicationContext   : Refreshing org.springframework.web.context.support.GenericWebApplicationContext@1124910c
2023-03-13T10:10:00.349+01:00  INFO 67535 --- [    Test worker] .s.d.r.c.RepositoryConfigurationDelegate : Bootstrapping Spring Data JPA repositories in DEFAULT mode.
2023-03-13T10:10:00.403+01:00  INFO 67535 --- [    Test worker] .s.d.r.c.RepositoryConfigurationDelegate : Finished Spring Data repository scanning in 42 ms. Found 2 JPA repository interfaces.
2023-03-13T10:10:02.885+01:00  INFO 67535 --- [    Test worker] com.zaxxer.hikari.HikariDataSource       : HikariPool-1 - Starting...
2023-03-13T10:10:05.306+01:00  INFO 67535 --- [    Test worker] com.zaxxer.hikari.pool.PoolBase          : HikariPool-1 - Driver does not support get/set network timeout for connections. (feature not supported)
2023-03-13T10:10:05.309+01:00  INFO 67535 --- [    Test worker] com.zaxxer.hikari.pool.HikariPool        : HikariPool-1 - Added connection org.hsqldb.jdbc.JDBCConnection@46fdb4d
2023-03-13T10:10:05.316+01:00  INFO 67535 --- [    Test worker] com.zaxxer.hikari.HikariDataSource       : HikariPool-1 - Start completed.
2023-03-13T10:10:05.613+01:00  INFO 67535 --- [    Test worker] o.hibernate.jpa.internal.util.LogHelper  : HHH000204: Processing PersistenceUnitInfo [name: default]
2023-03-13T10:10:05.901+01:00  INFO 67535 --- [    Test worker] org.hibernate.Version                    : HHH000412: Hibernate ORM core version 6.1.6.Final
2023-03-13T10:10:06.076+01:00  WARN 67535 --- [    Test worker] org.hibernate.orm.deprecation            : HHH90000021: Encountered deprecated setting [javax.persistence.sharedCache.mode], use [jakarta.persistence.sharedCache.mode] instead
2023-03-13T10:10:06.535+01:00  INFO 67535 --- [    Test worker] SQL dialect                              : HHH000400: Using dialect: org.hibernate.dialect.HSQLDialect
2023-03-13T10:10:08.376+01:00  INFO 67535 --- [    Test worker] o.h.e.t.j.p.i.JtaPlatformInitiator       : HHH000490: Using JtaPlatform implementation: [org.hibernate.engine.transaction.jta.platform.internal.NoJtaPlatform]
2023-03-13T10:10:08.403+01:00  INFO 67535 --- [    Test worker] j.LocalContainerEntityManagerFactoryBean : Initialized JPA EntityManagerFactory for persistence unit 'default'
2023-03-13T10:10:08.631+01:00  WARN 67535 --- [    Test worker] JpaBaseConfiguration$JpaWebConfiguration : spring.jpa.open-in-view is enabled by default. Therefore, database queries may be performed during view rendering. Explicitly configure spring.jpa.open-in-view to disable this warning
2023-03-13T10:10:08.964+01:00 DEBUG 67535 --- [    Test worker] s.w.s.m.m.a.RequestMappingHandlerAdapter : ControllerAdvice beans: 0 @ModelAttribute, 0 @InitBinder, 1 RequestBodyAdvice, 1 ResponseBodyAdvice
2023-03-13T10:10:09.147+01:00 DEBUG 67535 --- [    Test worker] s.w.s.m.m.a.RequestMappingHandlerMapping : 7 mappings in 'requestMappingHandlerMapping'
2023-03-13T10:10:09.186+01:00 DEBUG 67535 --- [    Test worker] o.s.w.s.handler.SimpleUrlHandlerMapping  : Patterns [/webjars/**, /**] in 'resourceHandlerMapping'
2023-03-13T10:10:09.207+01:00 DEBUG 67535 --- [    Test worker] .m.m.a.ExceptionHandlerExceptionResolver : ControllerAdvice beans: 1 @ExceptionHandler, 1 ResponseBodyAdvice
2023-03-13T10:10:09.321+01:00  INFO 67535 --- [    Test worker] o.s.b.t.m.w.SpringBootMockServletContext : Initializing Spring TestDispatcherServlet ''
2023-03-13T10:10:09.322+01:00  INFO 67535 --- [    Test worker] o.s.t.web.servlet.TestDispatcherServlet  : Initializing Servlet ''
2023-03-13T10:10:09.323+01:00  INFO 67535 --- [    Test worker] o.s.t.web.servlet.TestDispatcherServlet  : Completed initialization in 1 ms
2023-03-13T10:10:09.373+01:00  INFO 67535 --- [    Test worker] o.s.m.address.web.TownControllerTest     : Started TownControllerTest in 9.951 seconds (process running for 11.257)
2023-03-13T10:10:09.472+01:00 DEBUG 67535 --- [    Test worker] s.w.s.m.m.a.RequestMappingHandlerMapping : Mapped to org.sam.mines.address.web.controller.TownController#get(String)
2023-03-13T10:10:09.617+01:00 DEBUG 67535 --- [    Test worker] o.s.w.s.m.m.a.HttpEntityMethodProcessor  : Using 'application/json', given [*/*] and supported [application/json]
2023-03-13T10:10:09.654+01:00 DEBUG 67535 --- [    Test worker] o.s.w.s.m.m.a.HttpEntityMethodProcessor  : Nothing to write: null body
2023-03-13T10:10:09.695+01:00 DEBUG 67535 --- [    Test worker] s.w.s.m.m.a.RequestMappingHandlerMapping : Mapped to org.sam.mines.address.web.controller.TownController#get(String)
2023-03-13T10:10:09.700+01:00 DEBUG 67535 --- [    Test worker] o.s.w.s.m.m.a.HttpEntityMethodProcessor  : Using 'application/json', given [*/*] and supported [application/json]
2023-03-13T10:10:09.702+01:00 DEBUG 67535 --- [    Test worker] o.s.w.s.m.m.a.HttpEntityMethodProcessor  : Writing [class Town {<EOL>    id: c0dce8a9-f9f3-4b52-9f93-999557e08f39<EOL>    name: some town<EOL>    postCode: 0<EOL>}]
]]></system-out>
  <system-err><![CDATA[]]></system-err>
</testsuite>
